<?xml version="1.0" encoding="UTF-8"?>
<!-- Generated by org.testng.reporters.JUnitReportReporter -->
<testsuite hostname="Soumyas-MacBook-Air.local" failures="0" tests="1" name="test.LoginTest" time="44.706" errors="0" timestamp="2025-04-18T02:07:57 IST" skipped="0">
  <testcase classname="test.LoginTest" name="validateLogin" time="44.706"/>
</testsuite> <!-- test.LoginTest -->
